{"total": {"lines":{"total":991,"covered":444,"skipped":0,"pct":44.8},"statements":{"total":1127,"covered":479,"skipped":0,"pct":42.5},"functions":{"total":305,"covered":101,"skipped":0,"pct":33.11},"branches":{"total":697,"covered":219,"skipped":0,"pct":31.42},"branchesTrue":{"total":0,"covered":0,"skipped":0,"pct":100}}
,"/home/denzyl/Projects/siegu/src/components/MediaCard.vue": {"lines":{"total":73,"covered":39,"skipped":0,"pct":53.42},"functions":{"total":31,"covered":11,"skipped":0,"pct":35.48},"statements":{"total":85,"covered":40,"skipped":0,"pct":47.05},"branches":{"total":106,"covered":35,"skipped":0,"pct":33.01}}
,"/home/denzyl/Projects/siegu/src/components/shared/ErrorBoundary.vue": {"lines":{"total":9,"covered":7,"skipped":0,"pct":77.77},"functions":{"total":4,"covered":3,"skipped":0,"pct":75},"statements":{"total":9,"covered":7,"skipped":0,"pct":77.77},"branches":{"total":12,"covered":9,"skipped":0,"pct":75}}
,"/home/denzyl/Projects/siegu/src/composables/useMediaUrl.ts": {"lines":{"total":24,"covered":11,"skipped":0,"pct":45.83},"functions":{"total":7,"covered":3,"skipped":0,"pct":42.85},"statements":{"total":29,"covered":12,"skipped":0,"pct":41.37},"branches":{"total":18,"covered":5,"skipped":0,"pct":27.77}}
,"/home/denzyl/Projects/siegu/src/composables/useMediaUtils.ts": {"lines":{"total":35,"covered":24,"skipped":0,"pct":68.57},"functions":{"total":9,"covered":6,"skipped":0,"pct":66.66},"statements":{"total":45,"covered":29,"skipped":0,"pct":64.44},"branches":{"total":38,"covered":22,"skipped":0,"pct":57.89}}
,"/home/denzyl/Projects/siegu/src/composables/useSettings.ts": {"lines":{"total":435,"covered":149,"skipped":0,"pct":34.25},"functions":{"total":95,"covered":23,"skipped":0,"pct":24.21},"statements":{"total":503,"covered":159,"skipped":0,"pct":31.61},"branches":{"total":300,"covered":59,"skipped":0,"pct":19.66}}
,"/home/denzyl/Projects/siegu/src/services/events.ts": {"lines":{"total":2,"covered":1,"skipped":0,"pct":50},"functions":{"total":2,"covered":1,"skipped":0,"pct":50},"statements":{"total":2,"covered":1,"skipped":0,"pct":50},"branches":{"total":0,"covered":0,"skipped":0,"pct":100}}
,"/home/denzyl/Projects/siegu/src/services/signalling.ts": {"lines":{"total":13,"covered":1,"skipped":0,"pct":7.69},"functions":{"total":3,"covered":0,"skipped":0,"pct":0},"statements":{"total":16,"covered":1,"skipped":0,"pct":6.25},"branches":{"total":10,"covered":2,"skipped":0,"pct":20}}
,"/home/denzyl/Projects/siegu/src/services/tauri.ts": {"lines":{"total":110,"covered":7,"skipped":0,"pct":6.36},"functions":{"total":77,"covered":5,"skipped":0,"pct":6.49},"statements":{"total":113,"covered":7,"skipped":0,"pct":6.19},"branches":{"total":49,"covered":2,"skipped":0,"pct":4.08}}
,"/home/denzyl/Projects/siegu/src/stores/app.ts": {"lines":{"total":39,"covered":23,"skipped":0,"pct":58.97},"functions":{"total":10,"covered":5,"skipped":0,"pct":50},"statements":{"total":39,"covered":23,"skipped":0,"pct":58.97},"branches":{"total":4,"covered":0,"skipped":0,"pct":0}}
,"/home/denzyl/Projects/siegu/src/stores/scan.ts": {"lines":{"total":72,"covered":66,"skipped":0,"pct":91.66},"functions":{"total":11,"covered":10,"skipped":0,"pct":90.9},"statements":{"total":77,"covered":70,"skipped":0,"pct":90.9},"branches":{"total":24,"covered":21,"skipped":0,"pct":87.5}}
,"/home/denzyl/Projects/siegu/src/stores/search.ts": {"lines":{"total":122,"covered":60,"skipped":0,"pct":49.18},"functions":{"total":43,"covered":22,"skipped":0,"pct":51.16},"statements":{"total":148,"covered":70,"skipped":0,"pct":47.29},"branches":{"total":88,"covered":20,"skipped":0,"pct":22.72}}
,"/home/denzyl/Projects/siegu/src/stores/ui.ts": {"lines":{"total":19,"covered":18,"skipped":0,"pct":94.73},"functions":{"total":7,"covered":6,"skipped":0,"pct":85.71},"statements":{"total":19,"covered":18,"skipped":0,"pct":94.73},"branches":{"total":6,"covered":6,"skipped":0,"pct":100}}
,"/home/denzyl/Projects/siegu/src/types/media.ts": {"lines":{"total":8,"covered":8,"skipped":0,"pct":100},"functions":{"total":3,"covered":3,"skipped":0,"pct":100},"statements":{"total":8,"covered":8,"skipped":0,"pct":100},"branches":{"total":6,"covered":4,"skipped":0,"pct":66.66}}
,"/home/denzyl/Projects/siegu/src/types/models.ts": {"lines":{"total":4,"covered":4,"skipped":0,"pct":100},"functions":{"total":0,"covered":0,"skipped":0,"pct":100},"statements":{"total":4,"covered":4,"skipped":0,"pct":100},"branches":{"total":0,"covered":0,"skipped":0,"pct":100}}
,"/home/denzyl/Projects/siegu/src/utils/format.ts": {"lines":{"total":26,"covered":26,"skipped":0,"pct":100},"functions":{"total":3,"covered":3,"skipped":0,"pct":100},"statements":{"total":30,"covered":30,"skipped":0,"pct":100},"branches":{"total":36,"covered":34,"skipped":0,"pct":94.44}}
}
